1764288413204: WORKER 1: STATE -> CONNECTED
1764288413204: WORKER 1: CONNECTED
1764288417422: WORKER 2: STATE -> CONNECTED
1764288417422: WORKER 2: CONNECTED
1765092518074: WORKER 1: STATE -> CONNECTED
1765092518075: WORKER 1: CONNECTED
1765092523352: WORKER 2: STATE -> CONNECTED
1765092523353: WORKER 2: CONNECTED
1765092527296: WORKER 3: STATE -> CONNECTED
1765092527296: WORKER 3: CONNECTED
1765092751293: SYSTEM: Master started on 169.254.7.35:30040
1765092821820: SYSTEM: Master started on 169.254.7.35:30040
1765092832785: WORKER 1: STATE -> CONNECTED
1765092832785: WORKER 1: CONNECTED
1765094586357: SYSTEM: Master started on 169.254.7.35:30040
1765094599820: WORKER 1: STATE -> CONNECTED
1765094599820: WORKER 1: CONNECTED
1765094603624: WORKER 2: STATE -> CONNECTED
1765094603624: WORKER 2: CONNECTED
1765094606602: WORKER 3: STATE -> CONNECTED
1765094606603: WORKER 3: CONNECTED
1765095512694: SYSTEM: Master started on 169.254.7.35:30040
1765095555867: WORKER 1: STATE -> CONNECTED
1765095555867: WORKER 1: CONNECTED
1765095576062: WORKER 2: STATE -> CONNECTED
1765095576062: WORKER 2: CONNECTED
1765095579285: WORKER 3: STATE -> CONNECTED
1765095579285: WORKER 3: CONNECTED
1765096087208: SYSTEM: Master started on 169.254.7.35:30040
1765096094965: WORKER 1: STATE -> CONNECTED
1765096094966: WORKER 1: CONNECTED
1765096095030: WORKER 1: STATE -> SAMPLED
1765096095030: WORKER 1: SAMPLED (1000 keys)
1765096098042: WORKER 1: STATE -> SHUFFLED
1765096098042: WORKER 1: PARTITIONING complete
1765096100048: WORKER 1: STATE -> MERGED
1765096100048: WORKER 1: MERGING complete
1765096161433: WORKER 2: STATE -> CONNECTED
1765096161433: WORKER 2: CONNECTED
1765096161474: WORKER 2: STATE -> SAMPLED
1765096161474: WORKER 2: SAMPLED (1000 keys)
1765096164483: WORKER 2: STATE -> SHUFFLED
1765096164483: WORKER 2: PARTITIONING complete
1765096166489: WORKER 2: STATE -> MERGED
1765096166489: WORKER 2: MERGING complete
1765096170850: WORKER 3: STATE -> CONNECTED
1765096170851: WORKER 3: CONNECTED
1765096170891: WORKER 3: STATE -> SAMPLED
1765096170892: WORKER 3: SAMPLED (1000 keys)
1765096173943: WORKER 3: STATE -> SHUFFLED
1765096173943: WORKER 3: PARTITIONING complete
1765096175948: WORKER 3: STATE -> MERGED
1765096175948: WORKER 3: MERGING complete
1765096417933: SYSTEM: Master started on 169.254.7.35:30040
1765096427349: WORKER 1: STATE -> CONNECTED
1765096427349: WORKER 1: CONNECTED
1765096427417: WORKER 1: STATE -> SAMPLED
1765096427419: WORKER 1: SAMPLED (1000 keys)
1765096430461: WORKER 1: STATE -> SHUFFLED
1765096430462: WORKER 1: PARTITIONING complete
1765096432470: WORKER 1: STATE -> MERGED
1765096432471: WORKER 1: MERGING complete
1765101255147: SYSTEM: Master started on 169.254.7.35:30040
1765101279259: WORKER 1: STATE -> CONNECTED
1765101279259: WORKER 1: CONNECTED
1765101279350: WORKER 1: STATE -> SAMPLED
1765101279351: WORKER 1: SAMPLED (1000 keys)
1765101282365: WORKER 1: STATE -> SHUFFLED
1765101282365: WORKER 1: PARTITIONING complete
1765101284376: WORKER 1: STATE -> MERGED
1765101284376: WORKER 1: MERGING complete
1765101698140: SYSTEM: Master started on 169.254.7.35:30040
1765101710082: WORKER 1: STATE -> CONNECTED
1765101710083: WORKER 1: CONNECTED
1765101710161: WORKER 1: STATE -> SAMPLED
1765101710162: WORKER 1: SAMPLED (1000 keys)
1765101710228: SYSTEM: Partition boundaries calculated
1765101710325: WORKER 1: Error sending boundaries: UNAVAILABLE: io exception
1765101710840: WORKER 1: Error starting PARTITIONING: UNAVAILABLE: io exception
1765101713217: WORKER 1: STATE -> SHUFFLED
1765101713218: WORKER 1: PARTITIONING complete
1765101713246: WORKER 1: Error starting MERGING: UNAVAILABLE: io exception
1765101715230: WORKER 1: STATE -> MERGED
1765101715230: WORKER 1: MERGING complete
1765101715336: SYSTEM: Sorting complete - all phases finished
1765106130869: SYSTEM: Master started on 169.254.7.35:30040
1765107080061: SYSTEM: Master started on 169.254.7.35:30040
1765107163828: WORKER 1: STATE -> CONNECTED
1765107163828: WORKER 1: CONNECTED
1765107163947: WORKER 1: STATE -> SAMPLED
1765107163947: WORKER 1: SAMPLED (10 keys)
1765107335444: WORKER 2: STATE -> CONNECTED
1765107335444: WORKER 2: CONNECTED
1765107335555: WORKER 2: STATE -> SAMPLED
1765107335555: WORKER 2: SAMPLED (10 keys)
1765107340865: WORKER 3: STATE -> CONNECTED
1765107340866: WORKER 3: CONNECTED
1765107340969: WORKER 3: STATE -> SAMPLED
1765107340971: WORKER 3: SAMPLED (10 keys)
1765107340995: SYSTEM: Partition boundaries calculated
1765107341111: WORKER 1: Received partition boundaries
1765107341151: WORKER 2: Received partition boundaries
1765107341189: WORKER 3: Received partition boundaries
1765107341711: WORKER 1: Started PARTITIONING phase
1765107341726: WORKER 2: Started PARTITIONING phase
1765107341744: WORKER 3: Started PARTITIONING phase
1765107341961: WORKER 2: STATE -> SHUFFLED
1765107341962: WORKER 2: PARTITIONING complete
1765107341964: WORKER 1: STATE -> SHUFFLED
1765107341964: WORKER 1: PARTITIONING complete
1765107341972: WORKER 3: STATE -> SHUFFLED
1765107341973: WORKER 3: PARTITIONING complete
1765107342083: WORKER 1: Started MERGING phase
1765107342093: WORKER 1: STATE -> MERGED
1765107342093: WORKER 1: MERGING complete
1765107342097: WORKER 2: Started MERGING phase
1765107342106: WORKER 2: STATE -> MERGED
1765107342106: WORKER 2: MERGING complete
1765107342112: WORKER 3: Started MERGING phase
1765107342123: WORKER 3: STATE -> MERGED
1765107342124: WORKER 3: MERGING complete
1765107342273: SYSTEM: Sorting complete - all phases finished
1765109406583: SYSTEM: Master started on 169.254.7.35:30040
1765109434523: WORKER 1: STATE -> CONNECTED
1765109434523: WORKER 1: CONNECTED
1765109434706: WORKER 1: STATE -> SAMPLED
1765109434707: WORKER 1: SAMPLED (10 keys)
1765109437387: WORKER 2: STATE -> CONNECTED
1765109437387: WORKER 2: CONNECTED
1765109437490: WORKER 2: STATE -> SAMPLED
1765109437490: WORKER 2: SAMPLED (10 keys)
1765109438738: WORKER 3: STATE -> CONNECTED
1765109438739: WORKER 3: CONNECTED
1765109438822: WORKER 3: STATE -> SAMPLED
1765109438824: WORKER 3: SAMPLED (10 keys)
1765109562730: SYSTEM: Master started on 169.254.7.35:30040
1765109581550: WORKER 1: STATE -> CONNECTED
1765109581550: WORKER 1: CONNECTED
1765109581651: WORKER 1: STATE -> SAMPLED
1765109581651: WORKER 1: SAMPLED (10 keys)
1765109601224: WORKER 2: STATE -> CONNECTED
1765109601225: WORKER 2: CONNECTED
1765109601307: WORKER 2: STATE -> SAMPLED
1765109601307: WORKER 2: SAMPLED (10 keys)
1765109614656: WORKER 3: STATE -> CONNECTED
1765109614656: WORKER 3: CONNECTED
1765109614735: WORKER 3: STATE -> SAMPLED
1765109614737: WORKER 3: SAMPLED (10 keys)
1765109614841: SYSTEM: Partition boundaries calculated
1765109614975: WORKER 1: Received partition boundaries
1765109615013: WORKER 2: Received partition boundaries
1765109615046: WORKER 3: Received partition boundaries
1765109615570: WORKER 1: Started PARTITIONING phase
1765109615582: WORKER 2: Started PARTITIONING phase
1765109615597: WORKER 3: Started PARTITIONING phase
1765109615794: WORKER 1: STATE -> SHUFFLED
1765109615794: WORKER 2: STATE -> SHUFFLED
1765109615794: WORKER 2: PARTITIONING complete
1765109615794: WORKER 1: PARTITIONING complete
1765109615829: WORKER 3: STATE -> SHUFFLED
1765109615829: WORKER 3: PARTITIONING complete
1765109615943: WORKER 1: Started MERGING phase
1765109615948: WORKER 1: STATE -> MERGED
1765109615948: WORKER 1: MERGING complete
1765109615956: WORKER 2: Started MERGING phase
1765109615960: WORKER 2: STATE -> MERGED
1765109615961: WORKER 2: MERGING complete
1765109615970: WORKER 3: Started MERGING phase
1765109615979: WORKER 3: STATE -> MERGED
1765109615980: WORKER 3: MERGING complete
1765109616074: SYSTEM: Sorting complete - all phases finished
1765110019920: SYSTEM: Master started on 169.254.7.35:30040
1765110212968: WORKER 1: STATE -> CONNECTED
1765110212968: WORKER 1: CONNECTED
1765110213087: WORKER 1: STATE -> SAMPLED
1765110213087: WORKER 1: SAMPLED (10 keys)
1765110246745: WORKER 2: STATE -> CONNECTED
1765110246745: WORKER 2: CONNECTED
1765110246836: WORKER 2: STATE -> SAMPLED
1765110246836: WORKER 2: SAMPLED (10 keys)
1765110311288: WORKER 3: STATE -> CONNECTED
1765110311288: WORKER 3: CONNECTED
1765110311390: WORKER 3: STATE -> SAMPLED
1765110311390: WORKER 3: SAMPLED (10 keys)
1765110328142: WORKER 4: STATE -> CONNECTED
1765110328142: WORKER 4: CONNECTED
1765110328268: WORKER 4: STATE -> SAMPLED
1765110328268: WORKER 4: SAMPLED (10 keys)
1765110352788: WORKER 5: STATE -> CONNECTED
1765110352788: WORKER 5: CONNECTED
1765110352867: WORKER 5: STATE -> SAMPLED
1765110352867: WORKER 5: SAMPLED (10 keys)
1765110378627: WORKER 6: STATE -> CONNECTED
1765110378627: WORKER 6: CONNECTED
1765110378707: WORKER 6: STATE -> SAMPLED
1765110378710: WORKER 6: SAMPLED (10 keys)
1765110498594: SYSTEM: Master started on 169.254.7.35:30040
1765110547227: WORKER 1: STATE -> CONNECTED
1765110547227: WORKER 1: CONNECTED
1765110547337: WORKER 1: STATE -> SAMPLED
1765110547338: WORKER 1: SAMPLED (10 keys)
1765110565020: WORKER 2: STATE -> CONNECTED
1765110565021: WORKER 2: CONNECTED
1765110565117: WORKER 2: STATE -> SAMPLED
1765110565117: WORKER 2: SAMPLED (10 keys)
1765110578700: WORKER 3: STATE -> CONNECTED
1765110578700: WORKER 3: CONNECTED
1765110578783: WORKER 3: STATE -> SAMPLED
1765110578784: WORKER 3: SAMPLED (10 keys)
1765110588778: WORKER 4: STATE -> CONNECTED
1765110588779: WORKER 4: CONNECTED
1765110588864: WORKER 4: STATE -> SAMPLED
1765110588864: WORKER 4: SAMPLED (10 keys)
1765110602051: WORKER 5: STATE -> CONNECTED
1765110602051: WORKER 5: CONNECTED
1765110602160: WORKER 5: STATE -> SAMPLED
1765110602162: WORKER 5: SAMPLED (10 keys)
1765110602242: SYSTEM: Partition boundaries calculated
1765110602368: WORKER 1: Received partition boundaries
1765110602408: WORKER 2: Received partition boundaries
1765110602447: WORKER 3: Received partition boundaries
1765110602485: WORKER 4: Received partition boundaries
1765110602526: WORKER 5: Received partition boundaries
1765110603054: WORKER 1: Started PARTITIONING phase
1765110603069: WORKER 2: Started PARTITIONING phase
1765110603088: WORKER 3: Started PARTITIONING phase
1765110603117: WORKER 4: Started PARTITIONING phase
1765110603156: WORKER 5: Started PARTITIONING phase
1765110603358: WORKER 1: STATE -> SHUFFLED
1765110603360: WORKER 1: PARTITIONING complete
1765110603397: WORKER 3: STATE -> SHUFFLED
1765110603397: WORKER 3: PARTITIONING complete
1765110603403: WORKER 2: STATE -> SHUFFLED
1765110603403: WORKER 2: PARTITIONING complete
1765110603431: WORKER 4: STATE -> SHUFFLED
1765110603431: WORKER 4: PARTITIONING complete
1765110603438: WORKER 5: STATE -> SHUFFLED
1765110603439: WORKER 5: PARTITIONING complete
1765110603505: WORKER 1: Started MERGING phase
1765110603510: WORKER 1: STATE -> MERGED
1765110603510: WORKER 1: MERGING complete
1765110603520: WORKER 2: Started MERGING phase
1765110603525: WORKER 2: STATE -> MERGED
1765110603525: WORKER 2: MERGING complete
1765110603539: WORKER 3: Started MERGING phase
1765110603547: WORKER 3: STATE -> MERGED
1765110603547: WORKER 3: MERGING complete
1765110603558: WORKER 4: Started MERGING phase
1765110603567: WORKER 4: STATE -> MERGED
1765110603567: WORKER 4: MERGING complete
1765110603576: WORKER 5: Started MERGING phase
1765110603586: WORKER 5: STATE -> MERGED
1765110603586: WORKER 5: MERGING complete
1765110603697: SYSTEM: Sorting complete - all phases finished
1765111564782: SYSTEM: Master started on 169.254.7.35:30040
1765111586690: WORKER 1: STATE -> CONNECTED
1765111586690: WORKER 1: CONNECTED
1765111586791: WORKER 1: STATE -> SAMPLED
1765111586791: WORKER 1: SAMPLED (10 keys)
1765111595928: WORKER 2: STATE -> CONNECTED
1765111595929: WORKER 2: CONNECTED
1765111596152: WORKER 2: STATE -> SAMPLED
1765111596153: WORKER 2: SAMPLED (10 keys)
1765111608705: WORKER 3: STATE -> CONNECTED
1765111608706: WORKER 3: CONNECTED
1765111608793: WORKER 3: STATE -> SAMPLED
1765111608794: WORKER 3: SAMPLED (10 keys)
1765111608877: SYSTEM: Partition boundaries calculated
1765111608997: WORKER 1: Received partition boundaries
1765111609038: WORKER 2: Received partition boundaries
1765111609078: WORKER 3: Received partition boundaries
1765111609594: WORKER 1: Started PARTITIONING phase
1765111609606: WORKER 2: Started PARTITIONING phase
1765111609622: WORKER 3: Started PARTITIONING phase
1765111609871: WORKER 2: STATE -> SHUFFLED
1765111609871: WORKER 3: STATE -> SHUFFLED
1765111609871: WORKER 1: STATE -> SHUFFLED
1765111609871: WORKER 2: PARTITIONING complete
1765111609871: WORKER 3: PARTITIONING complete
1765111609873: WORKER 1: PARTITIONING complete
1765111609963: WORKER 1: Started MERGING phase
1765111609969: WORKER 1: STATE -> MERGED
1765111609969: WORKER 1: MERGING complete
1765111609977: WORKER 2: Started MERGING phase
1765111609983: WORKER 2: STATE -> MERGED
1765111609983: WORKER 2: MERGING complete
1765111609994: WORKER 3: Started MERGING phase
1765111610003: WORKER 3: STATE -> MERGED
1765111610004: WORKER 3: MERGING complete
1765111610110: SYSTEM: Sorting complete - all phases finished
